#
# There is insufficient memory for the Java Runtime Environment to continue.
# Native memory allocation (mmap) failed to map 12683575296 bytes for committing reserved memory.
# Possible reasons:
#   The system is out of physical RAM or swap space
# Possible solutions:
#   Reduce memory load on the system
#   Increase physical memory or swap space
#   Check if swap backing store is full
#   Decrease Java heap size (-Xmx/-Xms)
#   Decrease number of Java threads
#   Decrease Java thread stack sizes (-Xss)
#   Set larger code cache with -XX:ReservedCodeCacheSize=
# This output file may be truncated or incomplete.
#
#  Out of Memory Error (os_linux.cpp:2992), pid=112144, tid=112151
#
# JRE version: OpenJDK Runtime Environment (11.0.12+7) (build 11.0.12+7-post-Debian-2)
# Java VM: OpenJDK 64-Bit Server VM (11.0.12+7-post-Debian-2, mixed mode, tiered, g1 gc, linux-amd64)
# No core dump will be written. Core dumps have been disabled. To enable core dumping, try "ulimit -c unlimited" before starting Java again
#

---------------  S U M M A R Y ------------

Command Line: -Xmx5000g --add-opens=java.base/java.util=ALL-UNNAMED -Dkotlin.home=/snap/kotlin/62 org.jetbrains.kotlin.runner.Main -cp . ve.usb.grafoLib.HeuristicaRPP v Instancias_RPP/URPP/PALMA

Host: Intel(R) Core(TM) i3-2120 CPU @ 3.30GHz, 4 cores, 3G, Debian GNU/Linux 11 (bullseye)
Time: Sat Jan 15 00:51:36 2022 -04 elapsed time: 90.972558 seconds (0d 0h 1m 30s)

---------------  T H R E A D  ---------------

Current thread (0x00007f7cd80de000):  VMThread "VM Thread" [stack: 0x00007a6c4d2f9000,0x00007a6c4d3f9000] [id=112151]

Stack: [0x00007a6c4d2f9000,0x00007a6c4d3f9000],  sp=0x00007a6c4d3f6e00,  free space=1015k
Native frames: (J=compiled Java code, A=aot compiled Java code, j=interpreted, Vv=VM code, C=native code)
V  [libjvm.so+0xe7487a]
V  [libjvm.so+0xe7546d]
V  [libjvm.so+0x671576]
V  [libjvm.so+0xbc9178]
V  [libjvm.so+0xbbfc8d]
V  [libjvm.so+0x782f2e]
V  [libjvm.so+0x783300]
V  [libjvm.so+0x78e5a3]
V  [libjvm.so+0x80d824]
V  [libjvm.so+0x80e444]
V  [libjvm.so+0x80ea59]
V  [libjvm.so+0x73dc3f]
V  [libjvm.so+0x742564]
V  [libjvm.so+0xe7f696]
V  [libjvm.so+0xe76ebc]
V  [libjvm.so+0xe7cdf7]
V  [libjvm.so+0xe7d430]
V  [libjvm.so+0xe7d792]
V  [libjvm.so+0xe070fc]
V  [libjvm.so+0xbcdaae]

VM_Operation (0x00007f7cdd466b30): G1CollectForAllocation, mode: safepoint, requested by thread 0x00007f7cd8015800


---------------  P R O C E S S  ---------------

Threads class SMR info:
_java_thread_list=0x00007f7cd81ad4a0, length=9, elements={
0x00007f7cd8015800, 0x00007f7cd80e6000, 0x00007f7cd80ea000, 0x00007f7cd80ff000,
0x00007f7cd8101000, 0x00007f7cd8103000, 0x00007f7cd8105000, 0x00007f7cd8107000,
0x00007f7cd81ac800
}

Java Threads: ( => current thread )
  0x00007f7cd8015800 JavaThread "main" [_thread_blocked, id=112145, stack(0x00007f7cdd368000,0x00007f7cdd469000)]
  0x00007f7cd80e6000 JavaThread "Reference Handler" daemon [_thread_blocked, id=112152, stack(0x00007a6c4d1f6000,0x00007a6c4d2f7000)]
  0x00007f7cd80ea000 JavaThread "Finalizer" daemon [_thread_blocked, id=112153, stack(0x00007a6c4d0f5000,0x00007a6c4d1f6000)]
  0x00007f7cd80ff000 JavaThread "Signal Dispatcher" daemon [_thread_blocked, id=112154, stack(0x00007a6c4cd0d000,0x00007a6c4ce0e000)]
  0x00007f7cd8101000 JavaThread "Service Thread" daemon [_thread_blocked, id=112155, stack(0x00007a6c4cc0c000,0x00007a6c4cd0d000)]
  0x00007f7cd8103000 JavaThread "C2 CompilerThread0" daemon [_thread_blocked, id=112156, stack(0x00007a6c4cb0b000,0x00007a6c4cc0c000)]
  0x00007f7cd8105000 JavaThread "C1 CompilerThread0" daemon [_thread_blocked, id=112157, stack(0x00007a6c4ca0a000,0x00007a6c4cb0b000)]
  0x00007f7cd8107000 JavaThread "Sweeper thread" daemon [_thread_blocked, id=112158, stack(0x00007a6c4c909000,0x00007a6c4ca0a000)]
  0x00007f7cd81ac800 JavaThread "Common-Cleaner" daemon [_thread_blocked, id=112159, stack(0x00007a6c4c808000,0x00007a6c4c909000)]

Other Threads:
=>0x00007f7cd80de000 VMThread "VM Thread" [stack: 0x00007a6c4d2f9000,0x00007a6c4d3f9000] [id=112151]
  0x00007f7cd81b0000 WatcherThread [stack: 0x00007a6c4c708000,0x00007a6c4c808000] [id=112160]
  0x00007f7cd802d800 GCTaskThread "GC Thread#0" [stack: 0x00007f7cdd01d000,0x00007f7cdd11d000] [id=112146]
  0x00007a6c38001000 GCTaskThread "GC Thread#1" [stack: 0x00007a6c4c3bc000,0x00007a6c4c4bc000] [id=112161]
  0x00007a6c38002800 GCTaskThread "GC Thread#2" [stack: 0x00007a6c4c2ba000,0x00007a6c4c3ba000] [id=112162]
  0x00007a6c38004000 GCTaskThread "GC Thread#3" [stack: 0x00007a6c4c1b8000,0x00007a6c4c2b8000] [id=112163]
  0x00007f7cd8054800 ConcurrentGCThread "G1 Main Marker" [stack: 0x00007f7cc04ed000,0x00007f7cc05ed000] [id=112147]
  0x00007f7cd8056800 ConcurrentGCThread "G1 Conc#0" [stack: 0x00007f7cc03eb000,0x00007f7cc04eb000] [id=112148]
  0x00007f7cd8077800 ConcurrentGCThread "G1 Refine#0" [stack: 0x00007a6c4dcfd000,0x00007a6c4ddfd000] [id=112149]
  0x00007a6c3c001000 ConcurrentGCThread "G1 Refine#1" [stack: 0x00007a6c4c0b6000,0x00007a6c4c1b6000] [id=112186]
  0x00007a6bfc001000 ConcurrentGCThread "G1 Refine#2" [stack: 0x00007a6c45f00000,0x00007a6c46000000] [id=112187]
  0x00007a6c00001000 ConcurrentGCThread "G1 Refine#3" [stack: 0x00007a6c45dfe000,0x00007a6c45efe000] [id=112188]
  0x00007f7cd8079800 ConcurrentGCThread "G1 Young RemSet Sampling" [stack: 0x00007a6c4dbfb000,0x00007a6c4dcfb000] [id=112150]

Threads with active compile tasks:

VM state:at safepoint (normal execution)

VM Mutex/Monitor currently owned by a thread:  ([mutex/lock_event])
[0x00007f7cd8012890] Threads_lock - owner thread: 0x00007f7cd80de000
[0x00007f7cd8013070] Heap_lock - owner thread: 0x00007f7cd8015800

Heap:
 garbage-first heap   total 18579456K, used 1616971K [0x00007a9abc000000, 0x00007f7cbc000000)
  region size 32768K, 2 young (65536K), 2 survivors (65536K)
 Metaspace       used 9788K, capacity 9882K, committed 9984K, reserved 10240K
Heap Regions: E=young(eden), S=young(survivor), O=old, HS=humongous(starts), HC=humongous(continues), CS=collection set, F=free, A=archive, TAMS=top-at-mark-start (previous, next)
|   0|0x00007a9abc000000, 0x00007a9abe000000, 0x00007a9abe000000|100%| O|  |TAMS 0x00007a9abc000000, 0x00007a9abc000000| Untracked 
|   1|0x00007a9abe000000, 0x00007a9ac0000000, 0x00007a9ac0000000|100%| O|  |TAMS 0x00007a9abe000000, 0x00007a9abe000000| Untracked 
|   2|0x00007a9ac0000000, 0x00007a9ac2000000, 0x00007a9ac2000000|100%| O|  |TAMS 0x00007a9ac2000000, 0x00007a9ac0000000| Untracked 
|   3|0x00007a9ac2000000, 0x00007a9ac4000000, 0x00007a9ac4000000|100%| O|  |TAMS 0x00007a9ac2000000, 0x00007a9ac2000000| Untracked 
|   4|0x00007a9ac4000000, 0x00007a9ac6000000, 0x00007a9ac6000000|100%| O|  |TAMS 0x00007a9ac6000000, 0x00007a9ac4000000| Untracked 
|   5|0x00007a9ac6000000, 0x00007a9ac8000000, 0x00007a9ac8000000|100%| O|  |TAMS 0x00007a9ac8000000, 0x00007a9ac6000000| Untracked 
|   6|0x00007a9ac8000000, 0x00007a9aca000000, 0x00007a9aca000000|100%| O|  |TAMS 0x00007a9ac9f59a00, 0x00007a9ac8000000| Untracked 
|   7|0x00007a9aca000000, 0x00007a9acc000000, 0x00007a9acc000000|100%| O|  |TAMS 0x00007a9aca000000, 0x00007a9aca000000| Untracked 
|   8|0x00007a9acc000000, 0x00007a9ace000000, 0x00007a9ace000000|100%| O|  |TAMS 0x00007a9acc000000, 0x00007a9acc000000| Untracked 
|   9|0x00007a9ace000000, 0x00007a9ad0000000, 0x00007a9ad0000000|100%| O|  |TAMS 0x00007a9ace000000, 0x00007a9ace000000| Untracked 
|  10|0x00007a9ad0000000, 0x00007a9ad2000000, 0x00007a9ad2000000|100%| O|  |TAMS 0x00007a9ad0000000, 0x00007a9ad0000000| Untracked 
|  11|0x00007a9ad2000000, 0x00007a9ad4000000, 0x00007a9ad4000000|100%| O|  |TAMS 0x00007a9ad2000000, 0x00007a9ad2000000| Untracked 
|  12|0x00007a9ad4000000, 0x00007a9ad6000000, 0x00007a9ad6000000|100%| O|  |TAMS 0x00007a9ad4000000, 0x00007a9ad4000000| Untracked 
|  13|0x00007a9ad6000000, 0x00007a9ad8000000, 0x00007a9ad8000000|100%| O|  |TAMS 0x00007a9ad6000000, 0x00007a9ad6000000| Untracked 
|  14|0x00007a9ad8000000, 0x00007a9ada000000, 0x00007a9ada000000|100%| O|  |TAMS 0x00007a9ad8000000, 0x00007a9ad8000000| Untracked 
|  15|0x00007a9ada000000, 0x00007a9adc000000, 0x00007a9adc000000|100%| O|  |TAMS 0x00007a9ada000000, 0x00007a9ada000000| Untracked 
|  16|0x00007a9adc000000, 0x00007a9ade000000, 0x00007a9ade000000|100%| O|  |TAMS 0x00007a9adc000000, 0x00007a9adc000000| Untracked 
|  17|0x00007a9ade000000, 0x00007a9ae0000000, 0x00007a9ae0000000|100%| O|  |TAMS 0x00007a9ade000000, 0x00007a9ade000000| Untracked 
|  18|0x00007a9ae0000000, 0x00007a9ae2000000, 0x00007a9ae2000000|100%| O|  |TAMS 0x00007a9ae0000000, 0x00007a9ae0000000| Untracked 
|  19|0x00007a9ae2000000, 0x00007a9ae4000000, 0x00007a9ae4000000|100%| O|  |TAMS 0x00007a9ae2000000, 0x00007a9ae2000000| Untracked 
|  20|0x00007a9ae4000000, 0x00007a9ae6000000, 0x00007a9ae6000000|100%| O|  |TAMS 0x00007a9ae4000000, 0x00007a9ae4000000| Untracked 
|  21|0x00007a9ae6000000, 0x00007a9ae8000000, 0x00007a9ae8000000|100%| O|  |TAMS 0x00007a9ae6000000, 0x00007a9ae6000000| Untracked 
|  22|0x00007a9ae8000000, 0x00007a9aea000000, 0x00007a9aea000000|100%| O|  |TAMS 0x00007a9ae8000000, 0x00007a9ae8000000| Untracked 
|  23|0x00007a9aea000000, 0x00007a9aec000000, 0x00007a9aec000000|100%| O|  |TAMS 0x00007a9aea000000, 0x00007a9aea000000| Untracked 
|  24|0x00007a9aec000000, 0x00007a9aee000000, 0x00007a9aee000000|100%| O|  |TAMS 0x00007a9aec000000, 0x00007a9aec000000| Untracked 
|  25|0x00007a9aee000000, 0x00007a9af0000000, 0x00007a9af0000000|100%| O|  |TAMS 0x00007a9aee000000, 0x00007a9aee000000| Untracked 
|  26|0x00007a9af0000000, 0x00007a9af2000000, 0x00007a9af2000000|100%| O|  |TAMS 0x00007a9af0000000, 0x00007a9af0000000| Untracked 
|  27|0x00007a9af2000000, 0x00007a9af4000000, 0x00007a9af4000000|100%| O|  |TAMS 0x00007a9af2000000, 0x00007a9af2000000| Untracked 
|  28|0x00007a9af4000000, 0x00007a9af6000000, 0x00007a9af6000000|100%| O|  |TAMS 0x00007a9af4000000, 0x00007a9af4000000| Untracked 
|  29|0x00007a9af6000000, 0x00007a9af8000000, 0x00007a9af8000000|100%| O|  |TAMS 0x00007a9af6000000, 0x00007a9af6000000| Untracked 
|  30|0x00007a9af8000000, 0x00007a9afa000000, 0x00007a9afa000000|100%| O|  |TAMS 0x00007a9af8000000, 0x00007a9af8000000| Untracked 
|  31|0x00007a9afa000000, 0x00007a9afc000000, 0x00007a9afc000000|100%| O|  |TAMS 0x00007a9afa000000, 0x00007a9afa000000| Untracked 
|  32|0x00007a9afc000000, 0x00007a9afe000000, 0x00007a9afe000000|100%| O|  |TAMS 0x00007a9afc000000, 0x00007a9afc000000| Untracked 
|  33|0x00007a9afe000000, 0x00007a9b00000000, 0x00007a9b00000000|100%| O|  |TAMS 0x00007a9afe000000, 0x00007a9afe000000| Untracked 
|  34|0x00007a9b00000000, 0x00007a9b02000000, 0x00007a9b02000000|100%| O|  |TAMS 0x00007a9b00000000, 0x00007a9b00000000| Untracked 
|  35|0x00007a9b02000000, 0x00007a9b04000000, 0x00007a9b04000000|100%| O|  |TAMS 0x00007a9b02000000, 0x00007a9b02000000| Untracked 
|  36|0x00007a9b04000000, 0x00007a9b06000000, 0x00007a9b06000000|100%| O|  |TAMS 0x00007a9b04000000, 0x00007a9b04000000| Untracked 
|  37|0x00007a9b06000000, 0x00007a9b08000000, 0x00007a9b08000000|100%| O|  |TAMS 0x00007a9b06000000, 0x00007a9b06000000| Untracked 
|  38|0x00007a9b08000000, 0x00007a9b0a000000, 0x00007a9b0a000000|100%| O|  |TAMS 0x00007a9b08000000, 0x00007a9b08000000| Untracked 
|  39|0x00007a9b0a000000, 0x00007a9b0c000000, 0x00007a9b0c000000|100%| O|  |TAMS 0x00007a9b0a000000, 0x00007a9b0a000000| Untracked 
|  40|0x00007a9b0c000000, 0x00007a9b0e000000, 0x00007a9b0e000000|100%| O|  |TAMS 0x00007a9b0c000000, 0x00007a9b0c000000| Untracked 
|  41|0x00007a9b0e000000, 0x00007a9b10000000, 0x00007a9b10000000|100%| O|  |TAMS 0x00007a9b0e000000, 0x00007a9b0e000000| Untracked 
|  42|0x00007a9b10000000, 0x00007a9b12000000, 0x00007a9b12000000|100%| O|  |TAMS 0x00007a9b10000000, 0x00007a9b10000000| Untracked 
|  43|0x00007a9b12000000, 0x00007a9b14000000, 0x00007a9b14000000|100%| O|  |TAMS 0x00007a9b12000000, 0x00007a9b12000000| Untracked 
|  44|0x00007a9b14000000, 0x00007a9b16000000, 0x00007a9b16000000|100%| O|  |TAMS 0x00007a9b14000000, 0x00007a9b14000000| Untracked 
|  45|0x00007a9b16000000, 0x00007a9b18000000, 0x00007a9b18000000|100%| O|  |TAMS 0x00007a9b16000000, 0x00007a9b16000000| Untracked 
|  46|0x00007a9b18000000, 0x00007a9b1a000000, 0x00007a9b1a000000|100%| O|  |TAMS 0x00007a9b18000000, 0x00007a9b18000000| Untracked 
|  47|0x00007a9b1a000000, 0x00007a9b1ab12c00, 0x00007a9b1c000000| 34%| O|  |TAMS 0x00007a9b1a000000, 0x00007a9b1a000000| Untracked 
|  48|0x00007a9b1c000000, 0x00007a9b1c000000, 0x00007a9b1e000000|  0%| F|  |TAMS 0x00007a9b1c000000, 0x00007a9b1c000000| Untracked 
|  49|0x00007a9b1e000000, 0x00007a9b1e000000, 0x00007a9b20000000|  0%| F|  |TAMS 0x00007a9b1e000000, 0x00007a9b1e000000| Untracked 
|  50|0x00007a9b20000000, 0x00007a9b20000000, 0x00007a9b22000000|  0%| F|  |TAMS 0x00007a9b20000000, 0x00007a9b20000000| Untracked 
|  51|0x00007a9b22000000, 0x00007a9b22000000, 0x00007a9b24000000|  0%| F|  |TAMS 0x00007a9b22000000, 0x00007a9b22000000| Untracked 
|  52|0x00007a9b24000000, 0x00007a9b24000000, 0x00007a9b26000000|  0%| F|  |TAMS 0x00007a9b24000000, 0x00007a9b24000000| Untracked 
|  53|0x00007a9b26000000, 0x00007a9b26000000, 0x00007a9b28000000|  0%| F|  |TAMS 0x00007a9b26000000, 0x00007a9b26000000| Untracked 
|  54|0x00007a9b28000000, 0x00007a9b28000000, 0x00007a9b2a000000|  0%| F|  |TAMS 0x00007a9b28000000, 0x00007a9b28000000| Untracked 
|  55|0x00007a9b2a000000, 0x00007a9b2a000000, 0x00007a9b2c000000|  0%| F|  |TAMS 0x00007a9b2a000000, 0x00007a9b2a000000| Untracked 
|  56|0x00007a9b2c000000, 0x00007a9b2c000000, 0x00007a9b2e000000|  0%| F|  |TAMS 0x00007a9b2c000000, 0x00007a9b2c000000| Untracked 
|  57|0x00007a9b2e000000, 0x00007a9b2e000000, 0x00007a9b30000000|  0%| F|  |TAMS 0x00007a9b2e000000, 0x00007a9b2e000000| Untracked 
|  58|0x00007a9b30000000, 0x00007a9b30000000, 0x00007a9b32000000|  0%| F|  |TAMS 0x00007a9b30000000, 0x00007a9b30000000| Untracked 
|  59|0x00007a9b32000000, 0x00007a9b32000000, 0x00007a9b34000000|  0%| F|  |TAMS 0x00007a9b32000000, 0x00007a9b32000000| Untracked 
|  60|0x00007a9b34000000, 0x00007a9b34000000, 0x00007a9b36000000|  0%| F|  |TAMS 0x00007a9b34000000, 0x00007a9b34000000| Untracked 
|  61|0x00007a9b36000000, 0x00007a9b36000000, 0x00007a9b38000000|  0%| F|  |TAMS 0x00007a9b36000000, 0x00007a9b36000000| Untracked 
|  62|0x00007a9b38000000, 0x00007a9b38000000, 0x00007a9b3a000000|  0%| F|  |TAMS 0x00007a9b38000000, 0x00007a9b38000000| Untracked 
|  63|0x00007a9b3a000000, 0x00007a9b3a000000, 0x00007a9b3c000000|  0%| F|  |TAMS 0x00007a9b3a000000, 0x00007a9b3a000000| Untracked 
|  64|0x00007a9b3c000000, 0x00007a9b3c000000, 0x00007a9b3e000000|  0%| F|  |TAMS 0x00007a9b3c000000, 0x00007a9b3c000000| Untracked 
|  65|0x00007a9b3e000000, 0x00007a9b3e000000, 0x00007a9b40000000|  0%| F|  |TAMS 0x00007a9b3e000000, 0x00007a9b3e000000| Untracked 
|  66|0x00007a9b40000000, 0x00007a9b40000000, 0x00007a9b42000000|  0%| F|  |TAMS 0x00007a9b40000000, 0x00007a9b40000000| Untracked 
|  67|0x00007a9b42000000, 0x00007a9b42000000, 0x00007a9b44000000|  0%| F|  |TAMS 0x00007a9b42000000, 0x00007a9b42000000| Untracked 
|  68|0x00007a9b44000000, 0x00007a9b44000000, 0x00007a9b46000000|  0%| F|  |TAMS 0x00007a9b44000000, 0x00007a9b44000000| Untracked 
|  69|0x00007a9b46000000, 0x00007a9b46000000, 0x00007a9b48000000|  0%| F|  |TAMS 0x00007a9b46000000, 0x00007a9b46000000| Untracked 
|  70|0x00007a9b48000000, 0x00007a9b48000000, 0x00007a9b4a000000|  0%| F|  |TAMS 0x00007a9b48000000, 0x00007a9b48000000| Untracked 
|  71|0x00007a9b4a000000, 0x00007a9b4a000000, 0x00007a9b4c000000|  0%| F|  |TAMS 0x00007a9b4a000000, 0x00007a9b4a000000| Untracked 
|  72|0x00007a9b4c000000, 0x00007a9b4c000000, 0x00007a9b4e000000|  0%| F|  |TAMS 0x00007a9b4c000000, 0x00007a9b4c000000| Untracked 
|  73|0x00007a9b4e000000, 0x00007a9b4e000000, 0x00007a9b50000000|  0%| F|  |TAMS 0x00007a9b4e000000, 0x00007a9b4e000000| Untracked 
|  74|0x00007a9b50000000, 0x00007a9b50000000, 0x00007a9b52000000|  0%| F|  |TAMS 0x00007a9b50000000, 0x00007a9b50000000| Untracked 
|  75|0x00007a9b52000000, 0x00007a9b52000000, 0x00007a9b54000000|  0%| F|  |TAMS 0x00007a9b52000000, 0x00007a9b52000000| Untracked 
|  76|0x00007a9b54000000, 0x00007a9b54000000, 0x00007a9b56000000|  0%| F|  |TAMS 0x00007a9b54000000, 0x00007a9b54000000| Untracked 
|  77|0x00007a9b56000000, 0x00007a9b56000000, 0x00007a9b58000000|  0%| F|  |TAMS 0x00007a9b56000000, 0x00007a9b56000000| Untracked 
|  78|0x00007a9b58000000, 0x00007a9b58000000, 0x00007a9b5a000000|  0%| F|  |TAMS 0x00007a9b58000000, 0x00007a9b58000000| Untracked 
|  79|0x00007a9b5a000000, 0x00007a9b5a000000, 0x00007a9b5c000000|  0%| F|  |TAMS 0x00007a9b5a000000, 0x00007a9b5a000000| Untracked 
|  80|0x00007a9b5c000000, 0x00007a9b5c000000, 0x00007a9b5e000000|  0%| F|  |TAMS 0x00007a9b5c000000, 0x00007a9b5c000000| Untracked 
|  81|0x00007a9b5e000000, 0x00007a9b5e000000, 0x00007a9b60000000|  0%| F|  |TAMS 0x00007a9b5e000000, 0x00007a9b5e000000| Untracked 
|  82|0x00007a9b60000000, 0x00007a9b60000000, 0x00007a9b62000000|  0%| F|  |TAMS 0x00007a9b60000000, 0x00007a9b60000000| Untracked 
|  83|0x00007a9b62000000, 0x00007a9b62000000, 0x00007a9b64000000|  0%| F|  |TAMS 0x00007a9b62000000, 0x00007a9b62000000| Untracked 
|  84|0x00007a9b64000000, 0x00007a9b64000000, 0x00007a9b66000000|  0%| F|  |TAMS 0x00007a9b64000000, 0x00007a9b64000000| Untracked 
|  85|0x00007a9b66000000, 0x00007a9b66000000, 0x00007a9b68000000|  0%| F|  |TAMS 0x00007a9b66000000, 0x00007a9b66000000| Untracked 
|  86|0x00007a9b68000000, 0x00007a9b68000000, 0x00007a9b6a000000|  0%| F|  |TAMS 0x00007a9b68000000, 0x00007a9b68000000| Untracked 
|  87|0x00007a9b6a000000, 0x00007a9b6a000000, 0x00007a9b6c000000|  0%| F|  |TAMS 0x00007a9b6a000000, 0x00007a9b6a000000| Untracked 
|  88|0x00007a9b6c000000, 0x00007a9b6c000000, 0x00007a9b6e000000|  0%| F|  |TAMS 0x00007a9b6c000000, 0x00007a9b6c000000| Untracked 
|  89|0x00007a9b6e000000, 0x00007a9b6e000000, 0x00007a9b70000000|  0%| F|  |TAMS 0x00007a9b6e000000, 0x00007a9b6e000000| Untracked 
|  90|0x00007a9b70000000, 0x00007a9b70000000, 0x00007a9b72000000|  0%| F|  |TAMS 0x00007a9b70000000, 0x00007a9b70000000| Untracked 
|  91|0x00007a9b72000000, 0x00007a9b72000000, 0x00007a9b74000000|  0%| F|  |TAMS 0x00007a9b72000000, 0x00007a9b72000000| Untracked 
|  92|0x00007a9b74000000, 0x00007a9b74000000, 0x00007a9b76000000|  0%| F|  |TAMS 0x00007a9b74000000, 0x00007a9b74000000| Untracked 
|  93|0x00007a9b76000000, 0x00007a9b76000000, 0x00007a9b78000000|  0%| F|  |TAMS 0x00007a9b76000000, 0x00007a9b76000000| Untracked 
|  94|0x00007a9b78000000, 0x00007a9b78000000, 0x00007a9b7a000000|  0%| F|  |TAMS 0x00007a9b78000000, 0x00007a9b78000000| Untracked 
|  95|0x00007a9b7a000000, 0x00007a9b7a000000, 0x00007a9b7c000000|  0%| F|  |TAMS 0x00007a9b7a000000, 0x00007a9b7a000000| Untracked 
|  96|0x00007a9b7c000000, 0x00007a9b7c000000, 0x00007a9b7e000000|  0%| F|  |TAMS 0x00007a9b7c000000, 0x00007a9b7c000000| Untracked 
|  97|0x00007a9b7e000000, 0x00007a9b7e000000, 0x00007a9b80000000|  0%| F|  |TAMS 0x00007a9b7e000000, 0x00007a9b7e000000| Untracked 
|  98|0x00007a9b80000000, 0x00007a9b80000000, 0x00007a9b82000000|  0%| F|  |TAMS 0x00007a9b80000000, 0x00007a9b80000000| Untracked 
|  99|0x00007a9b82000000, 0x00007a9b82000000, 0x00007a9b84000000|  0%| F|  |TAMS 0x00007a9b82000000, 0x00007a9b82000000| Untracked 
| 100|0x00007a9b84000000, 0x00007a9b84000000, 0x00007a9b86000000|  0%| F|  |TAMS 0x00007a9b84000000, 0x00007a9b84000000| Untracked 
| 101|0x00007a9b86000000, 0x00007a9b86000000, 0x00007a9b88000000|  0%| F|  |TAMS 0x00007a9b86000000, 0x00007a9b86000000| Untracked 
| 102|0x00007a9b88000000, 0x00007a9b88000000, 0x00007a9b8a000000|  0%| F|  |TAMS 0x00007a9b88000000, 0x00007a9b88000000| Untracked 
| 103|0x00007a9b8a000000, 0x00007a9b8a000000, 0x00007a9b8c000000|  0%| F|  |TAMS 0x00007a9b8a000000, 0x00007a9b8a000000| Untracked 
| 104|0x00007a9b8c000000, 0x00007a9b8c000000, 0x00007a9b8e000000|  0%| F|  |TAMS 0x00007a9b8c000000, 0x00007a9b8c000000| Untracked 
| 105|0x00007a9b8e000000, 0x00007a9b8e000000, 0x00007a9b90000000|  0%| F|  |TAMS 0x00007a9b8e000000, 0x00007a9b8e000000| Untracked 
| 106|0x00007a9b90000000, 0x00007a9b90000000, 0x00007a9b92000000|  0%| F|  |TAMS 0x00007a9b90000000, 0x00007a9b90000000| Untracked 
| 107|0x00007a9b92000000, 0x00007a9b92000000, 0x00007a9b94000000|  0%| F|  |TAMS 0x00007a9b92000000, 0x00007a9b92000000| Untracked 
| 108|0x00007a9b94000000, 0x00007a9b94000000, 0x00007a9b96000000|  0%| F|  |TAMS 0x00007a9b94000000, 0x00007a9b94000000| Untracked 
| 109|0x00007a9b96000000, 0x00007a9b96000000, 0x00007a9b98000000|  0%| F|  |TAMS 0x00007a9b96000000, 0x00007a9b96000000| Untracked 
| 110|0x00007a9b98000000, 0x00007a9b98000000, 0x00007a9b9a000000|  0%| F|  |TAMS 0x00007a9b98000000, 0x00007a9b98000000| Untracked 
| 111|0x00007a9b9a000000, 0x00007a9b9a000000, 0x00007a9b9c000000|  0%| F|  |TAMS 0x00007a9b9a000000, 0x00007a9b9a000000| Untracked 
| 112|0x00007a9b9c000000, 0x00007a9b9c000000, 0x00007a9b9e000000|  0%| F|  |TAMS 0x00007a9b9c000000, 0x00007a9b9c000000| Untracked 
| 113|0x00007a9b9e000000, 0x00007a9b9e000000, 0x00007a9ba0000000|  0%| F|  |TAMS 0x00007a9b9e000000, 0x00007a9b9e000000| Untracked 
| 114|0x00007a9ba0000000, 0x00007a9ba0000000, 0x00007a9ba2000000|  0%| F|  |TAMS 0x00007a9ba0000000, 0x00007a9ba0000000| Untracked 
| 115|0x00007a9ba2000000, 0x00007a9ba2000000, 0x00007a9ba4000000|  0%| F|  |TAMS 0x00007a9ba2000000, 0x00007a9ba2000000| Untracked 
| 116|0x00007a9ba4000000, 0x00007a9ba4000000, 0x00007a9ba6000000|  0%| F|  |TAMS 0x00007a9ba4000000, 0x00007a9ba4000000| Untracked 
| 117|0x00007a9ba6000000, 0x00007a9ba6000000, 0x00007a9ba8000000|  0%| F|  |TAMS 0x00007a9ba6000000, 0x00007a9ba6000000| Untracked 
| 118|0x00007a9ba8000000, 0x00007a9ba8000000, 0x00007a9baa000000|  0%| F|  |TAMS 0x00007a9ba8000000, 0x00007a9ba8000000| Untracked 
| 119|0x00007a9baa000000, 0x00007a9baa000000, 0x00007a9bac000000|  0%| F|  |TAMS 0x00007a9baa000000, 0x00007a9baa000000| Untracked 
| 120|0x00007a9bac000000, 0x00007a9bac000000, 0x00007a9bae000000|  0%| F|  |TAMS 0x00007a9bac000000, 0x00007a9bac000000| Untracked 
| 121|0x00007a9bae000000, 0x00007a9bae000000, 0x00007a9bb0000000|  0%| F|  |TAMS 0x00007a9bae000000, 0x00007a9bae000000| Untracked 
| 122|0x00007a9bb0000000, 0x00007a9bb0000000, 0x00007a9bb2000000|  0%| F|  |TAMS 0x00007a9bb0000000, 0x00007a9bb0000000| Untracked 
| 123|0x00007a9bb2000000, 0x00007a9bb2000000, 0x00007a9bb4000000|  0%| F|  |TAMS 0x00007a9bb2000000, 0x00007a9bb2000000| Untracked 
| 124|0x00007a9bb4000000, 0x00007a9bb4000000, 0x00007a9bb6000000|  0%| F|  |TAMS 0x00007a9bb4000000, 0x00007a9bb4000000| Untracked 
| 125|0x00007a9bb6000000, 0x00007a9bb6000000, 0x00007a9bb8000000|  0%| F|  |TAMS 0x00007a9bb6000000, 0x00007a9bb6000000| Untracked 
| 126|0x00007a9bb8000000, 0x00007a9bb8000000, 0x00007a9bba000000|  0%| F|  |TAMS 0x00007a9bb8000000, 0x00007a9bb8000000| Untracked 
| 127|0x00007a9bba000000, 0x00007a9bba000000, 0x00007a9bbc000000|  0%| F|  |TAMS 0x00007a9bba000000, 0x00007a9bba000000| Untracked 
| 128|0x00007a9bbc000000, 0x00007a9bbc000000, 0x00007a9bbe000000|  0%| F|  |TAMS 0x00007a9bbc000000, 0x00007a9bbc000000| Untracked 
| 129|0x00007a9bbe000000, 0x00007a9bbe000000, 0x00007a9bc0000000|  0%| F|  |TAMS 0x00007a9bbe000000, 0x00007a9bbe000000| Untracked 
| 130|0x00007a9bc0000000, 0x00007a9bc0000000, 0x00007a9bc2000000|  0%| F|  |TAMS 0x00007a9bc0000000, 0x00007a9bc0000000| Untracked 
| 131|0x00007a9bc2000000, 0x00007a9bc2000000, 0x00007a9bc4000000|  0%| F|  |TAMS 0x00007a9bc2000000, 0x00007a9bc2000000| Untracked 
| 132|0x00007a9bc4000000, 0x00007a9bc4000000, 0x00007a9bc6000000|  0%| F|  |TAMS 0x00007a9bc4000000, 0x00007a9bc4000000| Untracked 
| 133|0x00007a9bc6000000, 0x00007a9bc6000000, 0x00007a9bc8000000|  0%| F|  |TAMS 0x00007a9bc6000000, 0x00007a9bc6000000| Untracked 
| 134|0x00007a9bc8000000, 0x00007a9bc8000000, 0x00007a9bca000000|  0%| F|  |TAMS 0x00007a9bc8000000, 0x00007a9bc8000000| Untracked 
| 135|0x00007a9bca000000, 0x00007a9bca000000, 0x00007a9bcc000000|  0%| F|  |TAMS 0x00007a9bca000000, 0x00007a9bca000000| Untracked 
| 136|0x00007a9bcc000000, 0x00007a9bcc000000, 0x00007a9bce000000|  0%| F|  |TAMS 0x00007a9bcc000000, 0x00007a9bcc000000| Untracked 
| 137|0x00007a9bce000000, 0x00007a9bce000000, 0x00007a9bd0000000|  0%| F|  |TAMS 0x00007a9bce000000, 0x00007a9bce000000| Untracked 
| 138|0x00007a9bd0000000, 0x00007a9bd0000000, 0x00007a9bd2000000|  0%| F|  |TAMS 0x00007a9bd0000000, 0x00007a9bd0000000| Untracked 
| 139|0x00007a9bd2000000, 0x00007a9bd2000000, 0x00007a9bd4000000|  0%| F|  |TAMS 0x00007a9bd2000000, 0x00007a9bd2000000| Untracked 
| 140|0x00007a9bd4000000, 0x00007a9bd4000000, 0x00007a9bd6000000|  0%| F|  |TAMS 0x00007a9bd4000000, 0x00007a9bd4000000| Untracked 
| 141|0x00007a9bd6000000, 0x00007a9bd6000000, 0x00007a9bd8000000|  0%| F|  |TAMS 0x00007a9bd6000000, 0x00007a9bd6000000| Untracked 
| 142|0x00007a9bd8000000, 0x00007a9bd8000000, 0x00007a9bda000000|  0%| F|  |TAMS 0x00007a9bd8000000, 0x00007a9bd8000000| Untracked 
| 143|0x00007a9bda000000, 0x00007a9bda000000, 0x00007a9bdc000000|  0%| F|  |TAMS 0x00007a9bda000000, 0x00007a9bda000000| Untracked 
| 144|0x00007a9bdc000000, 0x00007a9bdc000000, 0x00007a9bde000000|  0%| F|  |TAMS 0x00007a9bdc000000, 0x00007a9bdc000000| Untracked 
| 145|0x00007a9bde000000, 0x00007a9bde000000, 0x00007a9be0000000|  0%| F|  |TAMS 0x00007a9bde000000, 0x00007a9bde000000| Untracked 
| 146|0x00007a9be0000000, 0x00007a9be0000000, 0x00007a9be2000000|  0%| F|  |TAMS 0x00007a9be0000000, 0x00007a9be0000000| Untracked 
| 147|0x00007a9be2000000, 0x00007a9be2000000, 0x00007a9be4000000|  0%| F|  |TAMS 0x00007a9be2000000, 0x00007a9be2000000| Untracked 
| 148|0x00007a9be4000000, 0x00007a9be4000000, 0x00007a9be6000000|  0%| F|  |TAMS 0x00007a9be4000000, 0x00007a9be4000000| Untracked 
| 149|0x00007a9be6000000, 0x00007a9be6000000, 0x00007a9be8000000|  0%| F|  |TAMS 0x00007a9be6000000, 0x00007a9be6000000| Untracked 
| 150|0x00007a9be8000000, 0x00007a9be8000000, 0x00007a9bea000000|  0%| F|  |TAMS 0x00007a9be8000000, 0x00007a9be8000000| Untracked 
| 151|0x00007a9bea000000, 0x00007a9bea000000, 0x00007a9bec000000|  0%| F|  |TAMS 0x00007a9bea000000, 0x00007a9bea000000| Untracked 
| 152|0x00007a9bec000000, 0x00007a9bec000000, 0x00007a9bee000000|  0%| F|  |TAMS 0x00007a9bec000000, 0x00007a9bec000000| Untracked 
| 153|0x00007a9bee000000, 0x00007a9bee000000, 0x00007a9bf0000000|  0%| F|  |TAMS 0x00007a9bee000000, 0x00007a9bee000000| Untracked 
| 154|0x00007a9bf0000000, 0x00007a9bf0000000, 0x00007a9bf2000000|  0%| F|  |TAMS 0x00007a9bf0000000, 0x00007a9bf0000000| Untracked 
| 155|0x00007a9bf2000000, 0x00007a9bf2000000, 0x00007a9bf4000000|  0%| F|  |TAMS 0x00007a9bf2000000, 0x00007a9bf2000000| Untracked 
| 156|0x00007a9bf4000000, 0x00007a9bf4000000, 0x00007a9bf6000000|  0%| F|  |TAMS 0x00007a9bf4000000, 0x00007a9bf4000000| Untracked 
| 157|0x00007a9bf6000000, 0x00007a9bf6000000, 0x00007a9bf8000000|  0%| F|  |TAMS 0x00007a9bf6000000, 0x00007a9bf6000000| Untracked 
| 158|0x00007a9bf8000000, 0x00007a9bf8000000, 0x00007a9bfa000000|  0%| F|  |TAMS 0x00007a9bf8000000, 0x00007a9bf8000000| Untracked 
| 159|0x00007a9bfa000000, 0x00007a9bfa000000, 0x00007a9bfc000000|  0%| F|  |TAMS 0x00007a9bfa000000, 0x00007a9bfa000000| Untracked 
| 160|0x00007a9bfc000000, 0x00007a9bfc000000, 0x00007a9bfe000000|  0%| F|  |TAMS 0x00007a9bfc000000, 0x00007a9bfc000000| Untracked 
| 161|0x00007a9bfe000000, 0x00007a9bfe000000, 0x00007a9c00000000|  0%| F|  |TAMS 0x00007a9bfe000000, 0x00007a9bfe000000| Untracked 
| 162|0x00007a9c00000000, 0x00007a9c00000000, 0x00007a9c02000000|  0%| F|  |TAMS 0x00007a9c00000000, 0x00007a9c00000000| Untracked 
| 163|0x00007a9c02000000, 0x00007a9c02000000, 0x00007a9c04000000|  0%| F|  |TAMS 0x00007a9c02000000, 0x00007a9c02000000| Untracked 
| 164|0x00007a9c04000000, 0x00007a9c04000000, 0x00007a9c06000000|  0%| F|  |TAMS 0x00007a9c04000000, 0x00007a9c04000000| Untracked 
| 165|0x00007a9c06000000, 0x00007a9c06000000, 0x00007a9c08000000|  0%| F|  |TAMS 0x00007a9c06000000, 0x00007a9c06000000| Untracked 
| 166|0x00007a9c08000000, 0x00007a9c08000000, 0x00007a9c0a000000|  0%| F|  |TAMS 0x00007a9c08000000, 0x00007a9c08000000| Untracked 
| 167|0x00007a9c0a000000, 0x00007a9c0a000000, 0x00007a9c0c000000|  0%| F|  |TAMS 0x00007a9c0a000000, 0x00007a9c0a000000| Untracked 
| 168|0x00007a9c0c000000, 0x00007a9c0c000000, 0x00007a9c0e000000|  0%| F|  |TAMS 0x00007a9c0c000000, 0x00007a9c0c000000| Untracked 
| 169|0x00007a9c0e000000, 0x00007a9c0e000000, 0x00007a9c10000000|  0%| F|  |TAMS 0x00007a9c0e000000, 0x00007a9c0e000000| Untracked 
| 170|0x00007a9c10000000, 0x00007a9c10000000, 0x00007a9c12000000|  0%| F|  |TAMS 0x00007a9c10000000, 0x00007a9c10000000| Untracked 
| 171|0x00007a9c12000000, 0x00007a9c12000000, 0x00007a9c14000000|  0%| F|  |TAMS 0x00007a9c12000000, 0x00007a9c12000000| Untracked 
| 172|0x00007a9c14000000, 0x00007a9c14000000, 0x00007a9c16000000|  0%| F|  |TAMS 0x00007a9c14000000, 0x00007a9c14000000| Untracked 
| 173|0x00007a9c16000000, 0x00007a9c16000000, 0x00007a9c18000000|  0%| F|  |TAMS 0x00007a9c16000000, 0x00007a9c16000000| Untracked 
| 174|0x00007a9c18000000, 0x00007a9c18000000, 0x00007a9c1a000000|  0%| F|  |TAMS 0x00007a9c18000000, 0x00007a9c18000000| Untracked 
| 175|0x00007a9c1a000000, 0x00007a9c1a000000, 0x00007a9c1c000000|  0%| F|  |TAMS 0x00007a9c1a000000, 0x00007a9c1a000000| Untracked 
| 176|0x00007a9c1c000000, 0x00007a9c1c000000, 0x00007a9c1e000000|  0%| F|  |TAMS 0x00007a9c1c000000, 0x00007a9c1c000000| Untracked 
| 177|0x00007a9c1e000000, 0x00007a9c1e000000, 0x00007a9c20000000|  0%| F|  |TAMS 0x00007a9c1e000000, 0x00007a9c1e000000| Untracked 
| 178|0x00007a9c20000000, 0x00007a9c22000000, 0x00007a9c22000000|100%| S|CS|TAMS 0x00007a9c20000000, 0x00007a9c20000000| Complete 
| 179|0x00007a9c22000000, 0x00007a9c22000000, 0x00007a9c24000000|  0%| F|  |TAMS 0x00007a9c22000000, 0x00007a9c22000000| Untracked 
| 180|0x00007a9c24000000, 0x00007a9c24000000, 0x00007a9c26000000|  0%| F|  |TAMS 0x00007a9c24000000, 0x00007a9c24000000| Untracked 
| 181|0x00007a9c26000000, 0x00007a9c28000000, 0x00007a9c28000000|100%| S|CS|TAMS 0x00007a9c26000000, 0x00007a9c26000000| Complete 
| 182|0x00007a9c28000000, 0x00007a9c28000000, 0x00007a9c2a000000|  0%| F|  |TAMS 0x00007a9c28000000, 0x00007a9c28000000| Untracked 
| 183|0x00007a9c2a000000, 0x00007a9c2a000000, 0x00007a9c2c000000|  0%| F|  |TAMS 0x00007a9c2a000000, 0x00007a9c2a000000| Untracked 
| 184|0x00007a9c2c000000, 0x00007a9c2c000000, 0x00007a9c2e000000|  0%| F|  |TAMS 0x00007a9c2c000000, 0x00007a9c2c000000| Untracked 
| 185|0x00007a9c2e000000, 0x00007a9c2e000000, 0x00007a9c30000000|  0%| F|  |TAMS 0x00007a9c2e000000, 0x00007a9c2e000000| Untracked 
| 186|0x00007a9c30000000, 0x00007a9c30000000, 0x00007a9c32000000|  0%| F|  |TAMS 0x00007a9c30000000, 0x00007a9c30000000| Untracked 
| 187|0x00007a9c32000000, 0x00007a9c32000000, 0x00007a9c34000000|  0%| F|  |TAMS 0x00007a9c32000000, 0x00007a9c32000000| Untracked 
| 188|0x00007a9c34000000, 0x00007a9c34000000, 0x00007a9c36000000|  0%| F|  |TAMS 0x00007a9c34000000, 0x00007a9c34000000| Untracked 

Card table byte_map: [0x00007a95d03bf000,0x00007a98413bf000] _byte_map_base: 0x00007a5882ddf000

Marking Bits (Prev, Next): (CMBitMap*) 0x00007f7cd8053d80, (CMBitMap*) 0x00007f7cd8053d48
 Prev Bits: [0x00007a6c4f3bf000, 0x00007a7fd73bf000)
 Next Bits: [0x00007a7fd73bf000, 0x00007a935f3bf000)

Polling page: 0x00007f7cdd32e000

Metaspace:

Usage:
    9.65 MB capacity,     9.56 MB (>99%) used,    84.55 KB ( <1%) free+waste,     9.38 KB ( <1%) overhead. 

Virtual space:
     10.00 MB reserved,       9.75 MB ( 98%) committed 

Chunk freelists:
54.00 KB

MaxMetaspaceSize: unlimited
No class space
Initial GC threshold: 20.80 MB
Current GC threshold: 20.80 MB
CDS: off

CodeHeap 'non-profiled nmethods': size=120032Kb used=106Kb max_used=106Kb free=119925Kb
 bounds [0x00007f7cc8327000, 0x00007f7cc8597000, 0x00007f7ccf85f000]
CodeHeap 'profiled nmethods': size=120032Kb used=559Kb max_used=559Kb free=119473Kb
 bounds [0x00007f7cc0def000, 0x00007f7cc105f000, 0x00007f7cc8327000]
CodeHeap 'non-nmethods': size=5696Kb used=1119Kb max_used=1132Kb free=4576Kb
 bounds [0x00007f7cc085f000, 0x00007f7cc0acf000, 0x00007f7cc0def000]
 total_blobs=752 nmethods=387 adapters=279
 compilation: enabled
              stopped_count=0, restarted_count=0
 full_count=0

Compilation events (20 events):
Event: 0.499 Thread 0x00007f7cd8105000  371       1       ve.usb.grafoLib.Lado::cualquieraDeLosVertices (5 bytes)
Event: 0.499 Thread 0x00007f7cd8105000 nmethod 371 0x00007f7cc833fc90 code [0x00007f7cc833fe40, 0x00007f7cc833fef0]
Event: 0.499 Thread 0x00007f7cd8105000  377       3       java.util.Objects::checkIndex (7 bytes)
Event: 0.499 Thread 0x00007f7cd8103000  383       4       java.util.LinkedList::addFirst (6 bytes)
Event: 0.500 Thread 0x00007f7cd8105000 nmethod 377 0x00007f7cc0e77810 code [0x00007f7cc0e77a20, 0x00007f7cc0e78040]
Event: 0.500 Thread 0x00007f7cd8105000  378       3       jdk.internal.util.Preconditions::checkIndex (18 bytes)
Event: 0.500 Thread 0x00007f7cd8105000 nmethod 378 0x00007f7cc0e78290 code [0x00007f7cc0e784a0, 0x00007f7cc0e78a60]
Event: 0.500 Thread 0x00007f7cd8105000  379       3       java.util.ArrayList::elementData (7 bytes)
Event: 0.500 Thread 0x00007f7cd8105000 nmethod 379 0x00007f7cc0e78c10 code [0x00007f7cc0e78dc0, 0x00007f7cc0e78ef0]
Event: 0.500 Thread 0x00007f7cd8105000  376       1       java.util.LinkedHashMap::removeEldestEntry (2 bytes)
Event: 0.500 Thread 0x00007f7cd8105000 nmethod 376 0x00007f7cc833ff90 code [0x00007f7cc8340140, 0x00007f7cc83401f0]
Event: 0.505 Thread 0x00007f7cd8103000 nmethod 383 0x00007f7cc8340290 code [0x00007f7cc8340420, 0x00007f7cc8340838]
Event: 0.505 Thread 0x00007f7cd8103000  384       4       java.util.LinkedList::linkFirst (59 bytes)
Event: 0.505 Thread 0x00007f7cd8105000  385 %     3       ve.usb.grafoLib.DijkstraGrafoNoDirigido::obtenerCaminoDeCostoMinimo @ 23 (50 bytes)
Event: 0.506 Thread 0x00007f7cd8105000 nmethod 385% 0x00007f7cc0e79010 code [0x00007f7cc0e79280, 0x00007f7cc0e79b30]
Event: 0.506 Thread 0x00007f7cd8105000  386       3       ve.usb.grafoLib.DijkstraGrafoNoDirigido::obtenerCaminoDeCostoMinimo (50 bytes)
Event: 0.507 Thread 0x00007f7cd8105000 nmethod 386 0x00007f7cc0e79f10 code [0x00007f7cc0e7a160, 0x00007f7cc0e7a870]
Event: 0.510 Thread 0x00007f7cd8103000 nmethod 384 0x00007f7cc8340910 code [0x00007f7cc8340aa0, 0x00007f7cc8340eb8]
Event: 0.510 Thread 0x00007f7cd8103000  387 %     4       ve.usb.grafoLib.DijkstraGrafoNoDirigido::obtenerCaminoDeCostoMinimo @ 23 (50 bytes)
Event: 0.519 Thread 0x00007f7cd8103000 nmethod 387% 0x00007f7cc8340f90 code [0x00007f7cc8341140, 0x00007f7cc8341738]

GC Heap History (20 events):
Event: 1.232 GC heap after
{Heap after GC invocations=7 (full 0):
 garbage-first heap   total 688128K, used 234156K [0x00007a9abc000000, 0x00007f7cbc000000)
  region size 32768K, 1 young (32768K), 1 survivors (32768K)
 Metaspace       used 9788K, capacity 9882K, committed 9984K, reserved 10240K
}
Event: 1.255 GC heap before
{Heap before GC invocations=7 (full 0):
 garbage-first heap   total 688128K, used 266924K [0x00007a9abc000000, 0x00007f7cbc000000)
  region size 32768K, 2 young (65536K), 1 survivors (32768K)
 Metaspace       used 9788K, capacity 9882K, committed 9984K, reserved 10240K
}
Event: 1.356 GC heap after
{Heap after GC invocations=8 (full 0):
 garbage-first heap   total 688128K, used 268937K [0x00007a9abc000000, 0x00007f7cbc000000)
  region size 32768K, 1 young (32768K), 1 survivors (32768K)
 Metaspace       used 9788K, capacity 9882K, committed 9984K, reserved 10240K
}
Event: 1.379 GC heap before
{Heap before GC invocations=8 (full 0):
 garbage-first heap   total 688128K, used 301705K [0x00007a9abc000000, 0x00007f7cbc000000)
  region size 32768K, 2 young (65536K), 1 survivors (32768K)
 Metaspace       used 9788K, capacity 9882K, committed 9984K, reserved 10240K
}
Event: 1.498 GC heap after
{Heap after GC invocations=9 (full 0):
 garbage-first heap   total 2064384K, used 306220K [0x00007a9abc000000, 0x00007f7cbc000000)
  region size 32768K, 1 young (32768K), 1 survivors (32768K)
 Metaspace       used 9788K, capacity 9882K, committed 9984K, reserved 10240K
}
Event: 1.856 GC heap before
{Heap before GC invocations=9 (full 0):
 garbage-first heap   total 2064384K, used 371756K [0x00007a9abc000000, 0x00007f7cbc000000)
  region size 32768K, 3 young (98304K), 1 survivors (32768K)
 Metaspace       used 9788K, capacity 9882K, committed 9984K, reserved 10240K
}
Event: 2.302 GC heap after
{Heap after GC invocations=10 (full 0):
 garbage-first heap   total 2064384K, used 373447K [0x00007a9abc000000, 0x00007f7cbc000000)
  region size 32768K, 1 young (32768K), 1 survivors (32768K)
 Metaspace       used 9788K, capacity 9882K, committed 9984K, reserved 10240K
}
Event: 2.334 GC heap before
{Heap before GC invocations=10 (full 0):
 garbage-first heap   total 2064384K, used 438983K [0x00007a9abc000000, 0x00007f7cbc000000)
  region size 32768K, 3 young (98304K), 1 survivors (32768K)
 Metaspace       used 9788K, capacity 9882K, committed 9984K, reserved 10240K
}
Event: 3.057 GC heap after
{Heap after GC invocations=11 (full 0):
 garbage-first heap   total 2064384K, used 442863K [0x00007a9abc000000, 0x00007f7cbc000000)
  region size 32768K, 1 young (32768K), 1 survivors (32768K)
 Metaspace       used 9788K, capacity 9882K, committed 9984K, reserved 10240K
}
Event: 3.119 GC heap before
{Heap before GC invocations=11 (full 0):
 garbage-first heap   total 2064384K, used 508399K [0x00007a9abc000000, 0x00007f7cbc000000)
  region size 32768K, 3 young (98304K), 1 survivors (32768K)
 Metaspace       used 9788K, capacity 9882K, committed 9984K, reserved 10240K
}
Event: 3.436 GC heap after
{Heap after GC invocations=12 (full 0):
 garbage-first heap   total 2064384K, used 513638K [0x00007a9abc000000, 0x00007f7cbc000000)
  region size 32768K, 1 young (32768K), 1 survivors (32768K)
 Metaspace       used 9788K, capacity 9882K, committed 9984K, reserved 10240K
}
Event: 3.497 GC heap before
{Heap before GC invocations=12 (full 0):
 garbage-first heap   total 2064384K, used 579174K [0x00007a9abc000000, 0x00007f7cbc000000)
  region size 32768K, 3 young (98304K), 1 survivors (32768K)
 Metaspace       used 9788K, capacity 9882K, committed 9984K, reserved 10240K
}
Event: 5.333 GC heap after
{Heap after GC invocations=13 (full 0):
 garbage-first heap   total 6193152K, used 583026K [0x00007a9abc000000, 0x00007f7cbc000000)
  region size 32768K, 1 young (32768K), 1 survivors (32768K)
 Metaspace       used 9788K, capacity 9882K, committed 9984K, reserved 10240K
}
Event: 6.884 GC heap before
{Heap before GC invocations=14 (full 0):
 garbage-first heap   total 6193152K, used 845170K [0x00007a9abc000000, 0x00007f7cbc000000)
  region size 32768K, 9 young (294912K), 1 survivors (32768K)
 Metaspace       used 9788K, capacity 9882K, committed 9984K, reserved 10240K
}
Event: 13.562 GC heap after
{Heap after GC invocations=15 (full 0):
 garbage-first heap   total 6193152K, used 851880K [0x00007a9abc000000, 0x00007f7cbc000000)
  region size 32768K, 2 young (65536K), 2 survivors (65536K)
 Metaspace       used 9788K, capacity 9882K, committed 9984K, reserved 10240K
}
Event: 13.633 GC heap before
{Heap before GC invocations=15 (full 0):
 garbage-first heap   total 6193152K, used 1081256K [0x00007a9abc000000, 0x00007f7cbc000000)
  region size 32768K, 9 young (294912K), 2 survivors (65536K)
 Metaspace       used 9788K, capacity 9882K, committed 9984K, reserved 10240K
}
Event: 28.696 GC heap after
{Heap after GC invocations=16 (full 0):
 garbage-first heap   total 6193152K, used 1109596K [0x00007a9abc000000, 0x00007f7cbc000000)
  region size 32768K, 2 young (65536K), 2 survivors (65536K)
 Metaspace       used 9788K, capacity 9882K, committed 9984K, reserved 10240K
}
Event: 28.771 GC heap before
{Heap before GC invocations=16 (full 0):
 garbage-first heap   total 6193152K, used 1338972K [0x00007a9abc000000, 0x00007f7cbc000000)
  region size 32768K, 9 young (294912K), 2 survivors (65536K)
 Metaspace       used 9788K, capacity 9882K, committed 9984K, reserved 10240K
}
Event: 64.407 GC heap after
{Heap after GC invocations=17 (full 0):
 garbage-first heap   total 6193152K, used 1365397K [0x00007a9abc000000, 0x00007f7cbc000000)
  region size 32768K, 2 young (65536K), 2 survivors (65536K)
 Metaspace       used 9788K, capacity 9882K, committed 9984K, reserved 10240K
}
Event: 64.918 GC heap before
{Heap before GC invocations=17 (full 0):
 garbage-first heap   total 6193152K, used 1594773K [0x00007a9abc000000, 0x00007f7cbc000000)
  region size 32768K, 9 young (294912K), 2 survivors (65536K)
 Metaspace       used 9788K, capacity 9882K, committed 9984K, reserved 10240K
}

Deoptimization events (8 events):
Event: 0.365 Thread 0x00007f7cd8015800 Uncommon trap: trap_request=0xffffff4d fr.pc=0x00007f7cc8330c00 relative=0x0000000000000060
Event: 0.365 Thread 0x00007f7cd8015800 Uncommon trap: reason=unstable_if action=reinterpret pc=0x00007f7cc8330c00 method=java.lang.String.isLatin1()Z @ 10 c2
Event: 0.365 Thread 0x00007f7cd8015800 DEOPT PACKING pc=0x00007f7cc8330c00 sp=0x00007f7cdd4668c0
Event: 0.365 Thread 0x00007f7cd8015800 DEOPT UNPACKING pc=0x00007f7cc08a8ea5 sp=0x00007f7cdd466820 mode 2
Event: 0.489 Thread 0x00007f7cd8015800 DEOPT PACKING pc=0x00007f7cc0e41d40 sp=0x00007f7cdd463920
Event: 0.489 Thread 0x00007f7cd8015800 DEOPT UNPACKING pc=0x00007f7cc08a964a sp=0x00007f7cdd462d98 mode 0
Event: 0.520 Thread 0x00007f7cd8015800 DEOPT PACKING pc=0x00007f7cc0e79a87 sp=0x00007f7cdd466d50
Event: 0.520 Thread 0x00007f7cd8015800 DEOPT UNPACKING pc=0x00007f7cc08a964a sp=0x00007f7cdd4662a8 mode 0

Classes redefined (0 events):
No events

Internal exceptions (1 events):
Event: 0.340 Thread 0x00007f7cd8015800 Exception <a 'java/lang/NoSuchMethodError'{0x00007a9abe68a240}: 'int java.lang.invoke.DirectMethodHandle$Holder.invokeSpecialIFC(java.lang.Object, java.lang.Object, int)'> (0x00007a9abe68a240) thrown at [./src/hotspot/share/interpreter/linkResolver.cpp, line 772]

Events (20 events):
Event: 1.498 Executing VM operation: G1CollectForAllocation done
Event: 1.850 Executing VM operation: CGC_Operation
Event: 1.851 Executing VM operation: CGC_Operation done
Event: 1.856 Executing VM operation: G1CollectForAllocation
Event: 2.302 Executing VM operation: G1CollectForAllocation done
Event: 2.334 Executing VM operation: G1CollectForAllocation
Event: 3.057 Executing VM operation: G1CollectForAllocation done
Event: 3.119 Executing VM operation: G1CollectForAllocation
Event: 3.437 Executing VM operation: G1CollectForAllocation done
Event: 3.497 Executing VM operation: G1CollectForAllocation
Event: 5.333 Executing VM operation: G1CollectForAllocation done
Event: 5.565 Executing VM operation: CGC_Operation
Event: 5.565 Executing VM operation: CGC_Operation done
Event: 6.884 Executing VM operation: G1CollectForAllocation
Event: 13.562 Executing VM operation: G1CollectForAllocation done
Event: 13.633 Executing VM operation: G1CollectForAllocation
Event: 28.696 Executing VM operation: G1CollectForAllocation done
Event: 28.771 Executing VM operation: G1CollectForAllocation
Event: 64.407 Executing VM operation: G1CollectForAllocation done
Event: 64.481 Executing VM operation: G1CollectForAllocation


Dynamic libraries:
55f3fb74d000-55f3fb74e000 r--p 00000000 08:15 2763470                    /usr/lib/jvm/java-11-openjdk-amd64/bin/java
55f3fb74e000-55f3fb74f000 r-xp 00001000 08:15 2763470                    /usr/lib/jvm/java-11-openjdk-amd64/bin/java
55f3fb74f000-55f3fb750000 r--p 00002000 08:15 2763470                    /usr/lib/jvm/java-11-openjdk-amd64/bin/java
55f3fb750000-55f3fb751000 r--p 00002000 08:15 2763470                    /usr/lib/jvm/java-11-openjdk-amd64/bin/java
55f3fb751000-55f3fb752000 rw-p 00003000 08:15 2763470                    /usr/lib/jvm/java-11-openjdk-amd64/bin/java
55f3fbfbc000-55f3fbfdd000 rw-p 00000000 00:00 0                          [heap]
7a6bf4000000-7a6bf4021000 rw-p 00000000 00:00 0 
7a6bf4021000-7a6bf8000000 ---p 00000000 00:00 0 
7a6bfc000000-7a6bfc021000 rw-p 00000000 00:00 0 
7a6bfc021000-7a6c00000000 ---p 00000000 00:00 0 
7a6c00000000-7a6c00021000 rw-p 00000000 00:00 0 
7a6c00021000-7a6c04000000 ---p 00000000 00:00 0 
7a6c04000000-7a6c04048000 rw-p 00000000 00:00 0 
7a6c04048000-7a6c08000000 ---p 00000000 00:00 0 
7a6c08000000-7a6c08043000 rw-p 00000000 00:00 0 
7a6c08043000-7a6c0c000000 ---p 00000000 00:00 0 
7a6c0c000000-7a6c0c021000 rw-p 00000000 00:00 0 
7a6c0c021000-7a6c10000000 ---p 00000000 00:00 0 
7a6c10000000-7a6c1005b000 rw-p 00000000 00:00 0 
7a6c1005b000-7a6c14000000 ---p 00000000 00:00 0 
7a6c14000000-7a6c14021000 rw-p 00000000 00:00 0 
7a6c14021000-7a6c18000000 ---p 00000000 00:00 0 
7a6c18000000-7a6c18021000 rw-p 00000000 00:00 0 
7a6c18021000-7a6c1c000000 ---p 00000000 00:00 0 
7a6c1c000000-7a6c1c115000 rw-p 00000000 00:00 0 
7a6c1c115000-7a6c20000000 ---p 00000000 00:00 0 
7a6c20000000-7a6c20189000 rw-p 00000000 00:00 0 
7a6c20189000-7a6c24000000 ---p 00000000 00:00 0 
7a6c24000000-7a6c24021000 rw-p 00000000 00:00 0 
7a6c24021000-7a6c28000000 ---p 00000000 00:00 0 
7a6c28000000-7a6c28021000 rw-p 00000000 00:00 0 
7a6c28021000-7a6c2c000000 ---p 00000000 00:00 0 
7a6c2c000000-7a6c2c021000 rw-p 00000000 00:00 0 
7a6c2c021000-7a6c30000000 ---p 00000000 00:00 0 
7a6c30000000-7a6c30021000 rw-p 00000000 00:00 0 
7a6c30021000-7a6c34000000 ---p 00000000 00:00 0 
7a6c34000000-7a6c34021000 rw-p 00000000 00:00 0 
7a6c34021000-7a6c38000000 ---p 00000000 00:00 0 
7a6c38000000-7a6c38533000 rw-p 00000000 00:00 0 
7a6c38533000-7a6c3c000000 ---p 00000000 00:00 0 
7a6c3c000000-7a6c3c021000 rw-p 00000000 00:00 0 
7a6c3c021000-7a6c40000000 ---p 00000000 00:00 0 
7a6c40000000-7a6c40021000 rw-p 00000000 00:00 0 
7a6c40021000-7a6c44000000 ---p 00000000 00:00 0 
7a6c45dfc000-7a6c45dfd000 ---p 00000000 00:00 0 
7a6c45dfd000-7a6c45efe000 rw-p 00000000 00:00 0 
7a6c45efe000-7a6c45eff000 ---p 00000000 00:00 0 
7a6c45eff000-7a6c48000000 rw-p 00000000 00:00 0 
7a6c48000000-7a6c48021000 rw-p 00000000 00:00 0 
7a6c48021000-7a6c4c000000 ---p 00000000 00:00 0 
7a6c4c0b4000-7a6c4c0b5000 ---p 00000000 00:00 0 
7a6c4c0b5000-7a6c4c1b6000 rw-p 00000000 00:00 0 
7a6c4c1b6000-7a6c4c1b7000 ---p 00000000 00:00 0 
7a6c4c1b7000-7a6c4c2b8000 rw-p 00000000 00:00 0 
7a6c4c2b8000-7a6c4c2b9000 ---p 00000000 00:00 0 
7a6c4c2b9000-7a6c4c3ba000 rw-p 00000000 00:00 0 
7a6c4c3ba000-7a6c4c3bb000 ---p 00000000 00:00 0 
7a6c4c3bb000-7a6c4c67c000 rw-p 00000000 00:00 0 
7a6c4c67c000-7a6c4c6bc000 ---p 00000000 00:00 0 
7a6c4c6bc000-7a6c4c6ed000 rw-p 00000000 00:00 0 
7a6c4c6ed000-7a6c4c6f1000 r--p 00000000 08:15 3167435                    /usr/lib/jvm/java-11-openjdk-amd64/lib/libnet.so
7a6c4c6f1000-7a6c4c700000 r-xp 00004000 08:15 3167435                    /usr/lib/jvm/java-11-openjdk-amd64/lib/libnet.so
7a6c4c700000-7a6c4c704000 r--p 00013000 08:15 3167435                    /usr/lib/jvm/java-11-openjdk-amd64/lib/libnet.so
7a6c4c704000-7a6c4c705000 r--p 00016000 08:15 3167435                    /usr/lib/jvm/java-11-openjdk-amd64/lib/libnet.so
7a6c4c705000-7a6c4c706000 rw-p 00017000 08:15 3167435                    /usr/lib/jvm/java-11-openjdk-amd64/lib/libnet.so
7a6c4c706000-7a6c4c707000 ---p 00000000 00:00 0 
7a6c4c707000-7a6c4c808000 rw-p 00000000 00:00 0 
7a6c4c808000-7a6c4c80c000 ---p 00000000 00:00 0 
7a6c4c80c000-7a6c4c909000 rw-p 00000000 00:00 0 
7a6c4c909000-7a6c4c90d000 ---p 00000000 00:00 0 
7a6c4c90d000-7a6c4ca0a000 rw-p 00000000 00:00 0 
7a6c4ca0a000-7a6c4ca0e000 ---p 00000000 00:00 0 
7a6c4ca0e000-7a6c4cb0b000 rw-p 00000000 00:00 0 
7a6c4cb0b000-7a6c4cb0f000 ---p 00000000 00:00 0 
7a6c4cb0f000-7a6c4cc0c000 rw-p 00000000 00:00 0 
7a6c4cc0c000-7a6c4cc10000 ---p 00000000 00:00 0 
7a6c4cc10000-7a6c4cd0d000 rw-p 00000000 00:00 0 
7a6c4cd0d000-7a6c4cd11000 ---p 00000000 00:00 0 
7a6c4cd11000-7a6c4ce0e000 rw-p 00000000 00:00 0 
7a6c4ce0e000-7a6c4d0f5000 r--p 00000000 08:15 2359670                    /usr/lib/locale/locale-archive
7a6c4d0f5000-7a6c4d0f9000 ---p 00000000 00:00 0 
7a6c4d0f9000-7a6c4d1f6000 rw-p 00000000 00:00 0 
7a6c4d1f6000-7a6c4d1fa000 ---p 00000000 00:00 0 
7a6c4d1fa000-7a6c4d2f7000 rw-p 00000000 00:00 0 
7a6c4d2f7000-7a6c4d2f8000 ---p 00000000 00:00 0 
7a6c4d2f8000-7a6c4dbf9000 rw-p 00000000 00:00 0 
7a6c4dbf9000-7a6c4dbfa000 ---p 00000000 00:00 0 
7a6c4dbfa000-7a6c4dcfb000 rw-p 00000000 00:00 0 
7a6c4dcfb000-7a6c4dcfc000 ---p 00000000 00:00 0 
7a6c4dcfc000-7a6c5523f000 rw-p 00000000 00:00 0 
7a6c5523f000-7a7fd73bf000 ---p 00000000 00:00 0 
7a7fd73bf000-7a7fdd23f000 rw-p 00000000 00:00 0 
7a7fdd23f000-7a935f3bf000 ---p 00000000 00:00 0 
7a935f3bf000-7a935ff8f000 rw-p 00000000 00:00 0 
7a935ff8f000-7a95d03bf000 ---p 00000000 00:00 0 
7a95d03bf000-7a95d0f8f000 rw-p 00000000 00:00 0 
7a95d0f8f000-7a98413bf000 ---p 00000000 00:00 0 
7a98413bf000-7a9841f8f000 rw-p 00000000 00:00 0 
7a9841f8f000-7a9ab23bf000 ---p 00000000 00:00 0 
7a9ab23bf000-7a9c36000000 rw-p 00000000 00:00 0 
7a9f2a000000-7f7cbc000000 ---p 00000000 00:00 0 
7f7cbc000000-7f7cbc055000 rw-p 00000000 00:00 0 
7f7cbc055000-7f7cc0000000 ---p 00000000 00:00 0 
7f7cc000a000-7f7cc03e9000 rw-p 00000000 00:00 0 
7f7cc03e9000-7f7cc03ea000 ---p 00000000 00:00 0 
7f7cc03ea000-7f7cc04eb000 rw-p 00000000 00:00 0 
7f7cc04eb000-7f7cc04ec000 ---p 00000000 00:00 0 
7f7cc04ec000-7f7cc085f000 rw-p 00000000 00:00 0 
7f7cc085f000-7f7cc0acf000 rwxp 00000000 00:00 0 
7f7cc0acf000-7f7cc0def000 ---p 00000000 00:00 0 
7f7cc0def000-7f7cc105f000 rwxp 00000000 00:00 0 
7f7cc105f000-7f7cc8327000 ---p 00000000 00:00 0 
7f7cc8327000-7f7cc8597000 rwxp 00000000 00:00 0 
7f7cc8597000-7f7ccf85f000 ---p 00000000 00:00 0 
7f7ccf85f000-7f7cd8000000 r--s 00000000 08:15 3167445                    /usr/lib/jvm/java-11-openjdk-amd64/lib/modules
7f7cd8000000-7f7cd83d6000 rw-p 00000000 00:00 0 
7f7cd83d6000-7f7cdc000000 ---p 00000000 00:00 0 
7f7cdc011000-7f7cdc018000 r--p 00000000 08:15 3167436                    /usr/lib/jvm/java-11-openjdk-amd64/lib/libnio.so
7f7cdc018000-7f7cdc01f000 r-xp 00007000 08:15 3167436                    /usr/lib/jvm/java-11-openjdk-amd64/lib/libnio.so
7f7cdc01f000-7f7cdc022000 r--p 0000e000 08:15 3167436                    /usr/lib/jvm/java-11-openjdk-amd64/lib/libnio.so
7f7cdc022000-7f7cdc023000 r--p 00010000 08:15 3167436                    /usr/lib/jvm/java-11-openjdk-amd64/lib/libnio.so
7f7cdc023000-7f7cdc024000 rw-p 00011000 08:15 3167436                    /usr/lib/jvm/java-11-openjdk-amd64/lib/libnio.so
7f7cdc024000-7f7cdd01b000 rw-p 00000000 00:00 0 
7f7cdd01b000-7f7cdd01c000 ---p 00000000 00:00 0 
7f7cdd01c000-7f7cdd122000 rw-p 00000000 00:00 0 
7f7cdd122000-7f7cdd208000 ---p 00000000 00:00 0 
7f7cdd208000-7f7cdd20d000 rw-p 00000000 00:00 0 
7f7cdd20d000-7f7cdd2f3000 ---p 00000000 00:00 0 
7f7cdd2f3000-7f7cdd2f8000 rw-p 00000000 00:00 0 
7f7cdd2f8000-7f7cdd2ff000 ---p 00000000 00:00 0 
7f7cdd2ff000-7f7cdd302000 r--p 00000000 08:15 2359961                    /usr/lib/x86_64-linux-gnu/libnss_files-2.31.so
7f7cdd302000-7f7cdd309000 r-xp 00003000 08:15 2359961                    /usr/lib/x86_64-linux-gnu/libnss_files-2.31.so
7f7cdd309000-7f7cdd30b000 r--p 0000a000 08:15 2359961                    /usr/lib/x86_64-linux-gnu/libnss_files-2.31.so
7f7cdd30b000-7f7cdd30c000 r--p 0000b000 08:15 2359961                    /usr/lib/x86_64-linux-gnu/libnss_files-2.31.so
7f7cdd30c000-7f7cdd30d000 rw-p 0000c000 08:15 2359961                    /usr/lib/x86_64-linux-gnu/libnss_files-2.31.so
7f7cdd30d000-7f7cdd313000 rw-p 00000000 00:00 0 
7f7cdd31a000-7f7cdd31c000 r--s 0000c000 08:15 2896054                    /usr/share/java/java-atk-wrapper.jar
7f7cdd31c000-7f7cdd31e000 r--p 00000000 08:15 3167444                    /usr/lib/jvm/java-11-openjdk-amd64/lib/libzip.so
7f7cdd31e000-7f7cdd322000 r-xp 00002000 08:15 3167444                    /usr/lib/jvm/java-11-openjdk-amd64/lib/libzip.so
7f7cdd322000-7f7cdd324000 r--p 00006000 08:15 3167444                    /usr/lib/jvm/java-11-openjdk-amd64/lib/libzip.so
7f7cdd324000-7f7cdd325000 r--p 00007000 08:15 3167444                    /usr/lib/jvm/java-11-openjdk-amd64/lib/libzip.so
7f7cdd325000-7f7cdd326000 rw-p 00008000 08:15 3167444                    /usr/lib/jvm/java-11-openjdk-amd64/lib/libzip.so
7f7cdd326000-7f7cdd32e000 rw-s 00000000 08:15 2097407                    /tmp/hsperfdata_chus/112144
7f7cdd32e000-7f7cdd32f000 ---p 00000000 00:00 0 
7f7cdd32f000-7f7cdd330000 r--p 00000000 00:00 0 
7f7cdd330000-7f7cdd33e000 r--p 00000000 08:15 3167424                    /usr/lib/jvm/java-11-openjdk-amd64/lib/libjava.so
7f7cdd33e000-7f7cdd353000 r-xp 0000e000 08:15 3167424                    /usr/lib/jvm/java-11-openjdk-amd64/lib/libjava.so
7f7cdd353000-7f7cdd35a000 r--p 00023000 08:15 3167424                    /usr/lib/jvm/java-11-openjdk-amd64/lib/libjava.so
7f7cdd35a000-7f7cdd35b000 r--p 00029000 08:15 3167424                    /usr/lib/jvm/java-11-openjdk-amd64/lib/libjava.so
7f7cdd35b000-7f7cdd35c000 rw-p 0002a000 08:15 3167424                    /usr/lib/jvm/java-11-openjdk-amd64/lib/libjava.so
7f7cdd35c000-7f7cdd35d000 rw-p 00000000 00:00 0 
7f7cdd35d000-7f7cdd360000 r--p 00000000 08:15 2359967                    /usr/lib/x86_64-linux-gnu/librt-2.31.so
7f7cdd360000-7f7cdd364000 r-xp 00003000 08:15 2359967                    /usr/lib/x86_64-linux-gnu/librt-2.31.so
7f7cdd364000-7f7cdd365000 r--p 00007000 08:15 2359967                    /usr/lib/x86_64-linux-gnu/librt-2.31.so
7f7cdd365000-7f7cdd366000 ---p 00008000 08:15 2359967                    /usr/lib/x86_64-linux-gnu/librt-2.31.so
7f7cdd366000-7f7cdd367000 r--p 00008000 08:15 2359967                    /usr/lib/x86_64-linux-gnu/librt-2.31.so
7f7cdd367000-7f7cdd368000 rw-p 00009000 08:15 2359967                    /usr/lib/x86_64-linux-gnu/librt-2.31.so
7f7cdd368000-7f7cdd36c000 ---p 00000000 00:00 0 
7f7cdd36c000-7f7cdd469000 rw-p 00000000 00:00 0 
7f7cdd469000-7f7cdd46c000 r--p 00000000 08:15 2359314                    /usr/lib/x86_64-linux-gnu/libgcc_s.so.1
7f7cdd46c000-7f7cdd47d000 r-xp 00003000 08:15 2359314                    /usr/lib/x86_64-linux-gnu/libgcc_s.so.1
7f7cdd47d000-7f7cdd481000 r--p 00014000 08:15 2359314                    /usr/lib/x86_64-linux-gnu/libgcc_s.so.1
7f7cdd481000-7f7cdd482000 r--p 00017000 08:15 2359314                    /usr/lib/x86_64-linux-gnu/libgcc_s.so.1
7f7cdd482000-7f7cdd483000 rw-p 00018000 08:15 2359314                    /usr/lib/x86_64-linux-gnu/libgcc_s.so.1
7f7cdd483000-7f7cdd492000 r--p 00000000 08:15 2359952                    /usr/lib/x86_64-linux-gnu/libm-2.31.so
7f7cdd492000-7f7cdd52c000 r-xp 0000f000 08:15 2359952                    /usr/lib/x86_64-linux-gnu/libm-2.31.so
7f7cdd52c000-7f7cdd5c5000 r--p 000a9000 08:15 2359952                    /usr/lib/x86_64-linux-gnu/libm-2.31.so
7f7cdd5c5000-7f7cdd5c6000 r--p 00141000 08:15 2359952                    /usr/lib/x86_64-linux-gnu/libm-2.31.so
7f7cdd5c6000-7f7cdd5c7000 rw-p 00142000 08:15 2359952                    /usr/lib/x86_64-linux-gnu/libm-2.31.so
7f7cdd5c7000-7f7cdd65d000 r--p 00000000 08:15 2362638                    /usr/lib/x86_64-linux-gnu/libstdc++.so.6.0.28
7f7cdd65d000-7f7cdd739000 r-xp 00096000 08:15 2362638                    /usr/lib/x86_64-linux-gnu/libstdc++.so.6.0.28
7f7cdd739000-7f7cdd783000 r--p 00172000 08:15 2362638                    /usr/lib/x86_64-linux-gnu/libstdc++.so.6.0.28
7f7cdd783000-7f7cdd78e000 r--p 001bb000 08:15 2362638                    /usr/lib/x86_64-linux-gnu/libstdc++.so.6.0.28
7f7cdd78e000-7f7cdd791000 rw-p 001c6000 08:15 2362638                    /usr/lib/x86_64-linux-gnu/libstdc++.so.6.0.28
7f7cdd791000-7f7cdd794000 rw-p 00000000 00:00 0 
7f7cdd794000-7f7cdda15000 r--p 00000000 08:15 548905                     /usr/lib/jvm/java-11-openjdk-amd64/lib/server/libjvm.so
7f7cdda15000-7f7cde67b000 r-xp 00281000 08:15 548905                     /usr/lib/jvm/java-11-openjdk-amd64/lib/server/libjvm.so
7f7cde67b000-7f7cde8d9000 r--p 00ee7000 08:15 548905                     /usr/lib/jvm/java-11-openjdk-amd64/lib/server/libjvm.so
7f7cde8d9000-7f7cde99d000 r--p 01144000 08:15 548905                     /usr/lib/jvm/java-11-openjdk-amd64/lib/server/libjvm.so
7f7cde99d000-7f7cde9d8000 rw-p 01208000 08:15 548905                     /usr/lib/jvm/java-11-openjdk-amd64/lib/server/libjvm.so
7f7cde9d8000-7f7cdea31000 rw-p 00000000 00:00 0 
7f7cdea31000-7f7cdea38000 r--p 00000000 08:15 2359964                    /usr/lib/x86_64-linux-gnu/libpthread-2.31.so
7f7cdea38000-7f7cdea48000 r-xp 00007000 08:15 2359964                    /usr/lib/x86_64-linux-gnu/libpthread-2.31.so
7f7cdea48000-7f7cdea4d000 r--p 00017000 08:15 2359964                    /usr/lib/x86_64-linux-gnu/libpthread-2.31.so
7f7cdea4d000-7f7cdea4e000 r--p 0001b000 08:15 2359964                    /usr/lib/x86_64-linux-gnu/libpthread-2.31.so
7f7cdea4e000-7f7cdea4f000 rw-p 0001c000 08:15 2359964                    /usr/lib/x86_64-linux-gnu/libpthread-2.31.so
7f7cdea4f000-7f7cdea53000 rw-p 00000000 00:00 0 
7f7cdea53000-7f7cdea54000 r--p 00000000 08:15 2359951                    /usr/lib/x86_64-linux-gnu/libdl-2.31.so
7f7cdea54000-7f7cdea56000 r-xp 00001000 08:15 2359951                    /usr/lib/x86_64-linux-gnu/libdl-2.31.so
7f7cdea56000-7f7cdea57000 r--p 00003000 08:15 2359951                    /usr/lib/x86_64-linux-gnu/libdl-2.31.so
7f7cdea57000-7f7cdea58000 r--p 00003000 08:15 2359951                    /usr/lib/x86_64-linux-gnu/libdl-2.31.so
7f7cdea58000-7f7cdea59000 rw-p 00004000 08:15 2359951                    /usr/lib/x86_64-linux-gnu/libdl-2.31.so
7f7cdea59000-7f7cdea5c000 r--p 00000000 08:15 2361515                    /usr/lib/x86_64-linux-gnu/libz.so.1.2.11
7f7cdea5c000-7f7cdea6d000 r-xp 00003000 08:15 2361515                    /usr/lib/x86_64-linux-gnu/libz.so.1.2.11
7f7cdea6d000-7f7cdea73000 r--p 00014000 08:15 2361515                    /usr/lib/x86_64-linux-gnu/libz.so.1.2.11
7f7cdea73000-7f7cdea74000 ---p 0001a000 08:15 2361515                    /usr/lib/x86_64-linux-gnu/libz.so.1.2.11
7f7cdea74000-7f7cdea75000 r--p 0001a000 08:15 2361515                    /usr/lib/x86_64-linux-gnu/libz.so.1.2.11
7f7cdea75000-7f7cdea76000 rw-p 0001b000 08:15 2361515                    /usr/lib/x86_64-linux-gnu/libz.so.1.2.11
7f7cdea76000-7f7cdea9b000 r--p 00000000 08:15 2359329                    /usr/lib/x86_64-linux-gnu/libc-2.31.so
7f7cdea9b000-7f7cdebe6000 r-xp 00025000 08:15 2359329                    /usr/lib/x86_64-linux-gnu/libc-2.31.so
7f7cdebe6000-7f7cdec30000 r--p 00170000 08:15 2359329                    /usr/lib/x86_64-linux-gnu/libc-2.31.so
7f7cdec30000-7f7cdec31000 ---p 001ba000 08:15 2359329                    /usr/lib/x86_64-linux-gnu/libc-2.31.so
7f7cdec31000-7f7cdec34000 r--p 001ba000 08:15 2359329                    /usr/lib/x86_64-linux-gnu/libc-2.31.so
7f7cdec34000-7f7cdec37000 rw-p 001bd000 08:15 2359329                    /usr/lib/x86_64-linux-gnu/libc-2.31.so
7f7cdec37000-7f7cdec3b000 rw-p 00000000 00:00 0 
7f7cdec3b000-7f7cdec3d000 r--p 00000000 08:15 3167427                    /usr/lib/jvm/java-11-openjdk-amd64/lib/libjimage.so
7f7cdec3d000-7f7cdec40000 r-xp 00002000 08:15 3167427                    /usr/lib/jvm/java-11-openjdk-amd64/lib/libjimage.so
7f7cdec40000-7f7cdec41000 r--p 00005000 08:15 3167427                    /usr/lib/jvm/java-11-openjdk-amd64/lib/libjimage.so
7f7cdec41000-7f7cdec42000 ---p 00006000 08:15 3167427                    /usr/lib/jvm/java-11-openjdk-amd64/lib/libjimage.so
7f7cdec42000-7f7cdec43000 r--p 00006000 08:15 3167427                    /usr/lib/jvm/java-11-openjdk-amd64/lib/libjimage.so
7f7cdec43000-7f7cdec44000 rw-p 00007000 08:15 3167427                    /usr/lib/jvm/java-11-openjdk-amd64/lib/libjimage.so
7f7cdec44000-7f7cdec49000 r--p 00000000 08:15 3167443                    /usr/lib/jvm/java-11-openjdk-amd64/lib/libverify.so
7f7cdec49000-7f7cdec50000 r-xp 00005000 08:15 3167443                    /usr/lib/jvm/java-11-openjdk-amd64/lib/libverify.so
7f7cdec50000-7f7cdec52000 r--p 0000c000 08:15 3167443                    /usr/lib/jvm/java-11-openjdk-amd64/lib/libverify.so
7f7cdec52000-7f7cdec53000 ---p 0000e000 08:15 3167443                    /usr/lib/jvm/java-11-openjdk-amd64/lib/libverify.so
7f7cdec53000-7f7cdec55000 r--p 0000e000 08:15 3167443                    /usr/lib/jvm/java-11-openjdk-amd64/lib/libverify.so
7f7cdec55000-7f7cdec56000 rw-p 00010000 08:15 3167443                    /usr/lib/jvm/java-11-openjdk-amd64/lib/libverify.so
7f7cdec56000-7f7cdec59000 r--p 00000000 08:15 3167409                    /usr/lib/jvm/java-11-openjdk-amd64/lib/jli/libjli.so
7f7cdec59000-7f7cdec63000 r-xp 00003000 08:15 3167409                    /usr/lib/jvm/java-11-openjdk-amd64/lib/jli/libjli.so
7f7cdec63000-7f7cdec66000 r--p 0000d000 08:15 3167409                    /usr/lib/jvm/java-11-openjdk-amd64/lib/jli/libjli.so
7f7cdec66000-7f7cdec67000 ---p 00010000 08:15 3167409                    /usr/lib/jvm/java-11-openjdk-amd64/lib/jli/libjli.so
7f7cdec67000-7f7cdec68000 r--p 00010000 08:15 3167409                    /usr/lib/jvm/java-11-openjdk-amd64/lib/jli/libjli.so
7f7cdec68000-7f7cdec69000 rw-p 00011000 08:15 3167409                    /usr/lib/jvm/java-11-openjdk-amd64/lib/jli/libjli.so
7f7cdec69000-7f7cdec6b000 rw-p 00000000 00:00 0 
7f7cdec6b000-7f7cdec6c000 r--p 00000000 08:15 2359324                    /usr/lib/x86_64-linux-gnu/ld-2.31.so
7f7cdec6c000-7f7cdec8c000 r-xp 00001000 08:15 2359324                    /usr/lib/x86_64-linux-gnu/ld-2.31.so
7f7cdec8c000-7f7cdec94000 r--p 00021000 08:15 2359324                    /usr/lib/x86_64-linux-gnu/ld-2.31.so
7f7cdec95000-7f7cdec96000 r--p 00029000 08:15 2359324                    /usr/lib/x86_64-linux-gnu/ld-2.31.so
7f7cdec96000-7f7cdec97000 rw-p 0002a000 08:15 2359324                    /usr/lib/x86_64-linux-gnu/ld-2.31.so
7f7cdec97000-7f7cdec98000 rw-p 00000000 00:00 0 
7ffce4174000-7ffce4195000 rw-p 00000000 00:00 0                          [stack]
7ffce41d9000-7ffce41dd000 r--p 00000000 00:00 0                          [vvar]
7ffce41dd000-7ffce41df000 r-xp 00000000 00:00 0                          [vdso]


VM Arguments:
jvm_args: -Xmx5000g --add-opens=java.base/java.util=ALL-UNNAMED -Dkotlin.home=/snap/kotlin/62 
java_command: org.jetbrains.kotlin.runner.Main -cp . ve.usb.grafoLib.HeuristicaRPP v Instancias_RPP/URPP/PALMA
java_class_path (initial): /snap/kotlin/62/lib/kotlin-runner.jar
Launcher Type: SUN_STANDARD

[Global flags]
     intx CICompilerCount                          = 3                                         {product} {ergonomic}
     uint ConcGCThreads                            = 1                                         {product} {ergonomic}
     uint G1ConcRefinementThreads                  = 4                                         {product} {ergonomic}
   size_t G1HeapRegionSize                         = 33554432                                  {product} {ergonomic}
    uintx GCDrainStackTargetSize                   = 64                                        {product} {ergonomic}
   size_t InitialHeapSize                          = 67108864                                  {product} {ergonomic}
   size_t MarkStackSize                            = 4194304                                   {product} {ergonomic}
   size_t MaxHeapSize                              = 5368709120000                             {product} {command line}
   size_t MaxNewSize                               = 3221225472000                             {product} {ergonomic}
   size_t MinHeapDeltaBytes                        = 33554432                                  {product} {ergonomic}
    uintx NonNMethodCodeHeapSize                   = 5830732                                {pd product} {ergonomic}
    uintx NonProfiledCodeHeapSize                  = 122913754                              {pd product} {ergonomic}
    uintx ProfiledCodeHeapSize                     = 122913754                              {pd product} {ergonomic}
    uintx ReservedCodeCacheSize                    = 251658240                              {pd product} {ergonomic}
     bool SegmentedCodeCache                       = true                                      {product} {ergonomic}
     bool UseG1GC                                  = true                                      {product} {ergonomic}

Logging:
Log output configuration:
 #0: stdout all=warning uptime,level,tags
 #1: stderr all=off uptime,level,tags

Environment Variables:
PATH=/home/chus/.local/bin:/snap/kotlin/62/bin:/home/chus/Downloads/PATH:/home/chus/.local/bin:/home/chus/.local/bin:/snap/kotlin/62/bin:/home/chus/Downloads/PATH:/usr/local/bin:/usr/bin:/bin:/usr/local/games:/usr/games:/snap/bin::
SHELL=/bin/bash
DISPLAY=:0
LANG=en_US.UTF-8

Signal Handlers:
SIGSEGV: [libjvm.so+0xe754c0], sa_mask[0]=11111111011111111101111111111110, sa_flags=SA_RESTART|SA_SIGINFO
SIGBUS: [libjvm.so+0xe754c0], sa_mask[0]=11111111011111111101111111111110, sa_flags=SA_RESTART|SA_SIGINFO
SIGFPE: [libjvm.so+0xe754c0], sa_mask[0]=11111111011111111101111111111110, sa_flags=SA_RESTART|SA_SIGINFO
SIGPIPE: [libjvm.so+0xbc4070], sa_mask[0]=11111111011111111101111111111110, sa_flags=SA_RESTART|SA_SIGINFO
SIGXFSZ: [libjvm.so+0xbc4070], sa_mask[0]=11111111011111111101111111111110, sa_flags=SA_RESTART|SA_SIGINFO
SIGILL: [libjvm.so+0xe754c0], sa_mask[0]=11111111011111111101111111111110, sa_flags=SA_RESTART|SA_SIGINFO
SIGUSR2: [libjvm.so+0xbc3f10], sa_mask[0]=00000000000000000000000000000000, sa_flags=SA_RESTART|SA_SIGINFO
SIGHUP: [libjvm.so+0xbc44a0], sa_mask[0]=11111111011111111101111111111110, sa_flags=SA_RESTART|SA_SIGINFO
SIGINT: [libjvm.so+0xbc44a0], sa_mask[0]=11111111011111111101111111111110, sa_flags=SA_RESTART|SA_SIGINFO
SIGTERM: [libjvm.so+0xbc44a0], sa_mask[0]=11111111011111111101111111111110, sa_flags=SA_RESTART|SA_SIGINFO
SIGQUIT: [libjvm.so+0xbc44a0], sa_mask[0]=11111111011111111101111111111110, sa_flags=SA_RESTART|SA_SIGINFO


---------------  S Y S T E M  ---------------

OS:PRETTY_NAME="Debian GNU/Linux 11 (bullseye)"
NAME="Debian GNU/Linux"
VERSION_ID="11"
VERSION="11 (bullseye)"
VERSION_CODENAME=bullseye
ID=debian
HOME_URL="https://www.debian.org/"
SUPPORT_URL="https://www.debian.org/support"
BUG_REPORT_URL="https://bugs.debian.org/"
uname:Linux 5.10.0-9-amd64 #1 SMP Debian 5.10.70-1 (2021-09-30) x86_64
OS uptime: 0 days 18:14 hours
libc:glibc 2.31 NPTL 2.31 
rlimit (soft/hard): STACK 8192k/infinity , CORE 0k/infinity , NPROC 15058/15058 , NOFILE 1048576/1048576 , AS infinity/infinity , CPU infinity/infinity , DATA infinity/infinity , FSIZE infinity/infinity , MEMLOCK 487600k/487600k
load average:18.98 8.60 4.87

/proc/meminfo:
MemTotal:        3900800 kB
MemFree:          120608 kB
MemAvailable:     155168 kB
Buffers:            6104 kB
Cached:           339368 kB
SwapCached:       128888 kB
Active:           963004 kB
Inactive:        2536356 kB
Active(anon):     827480 kB
Inactive(anon):  2459208 kB
Active(file):     135524 kB
Inactive(file):    77148 kB
Unevictable:        5512 kB
Mlocked:             128 kB
SwapTotal:       7852028 kB
SwapFree:        5287940 kB
Dirty:               156 kB
Writeback:             8 kB
AnonPages:       3066472 kB
Mapped:           222304 kB
Shmem:            132828 kB
KReclaimable:      50636 kB
Slab:             147232 kB
SReclaimable:      50636 kB
SUnreclaim:        96596 kB
KernelStack:       14304 kB
PageTables:        44020 kB
NFS_Unstable:          0 kB
Bounce:                0 kB
WritebackTmp:          0 kB
CommitLimit:     9802428 kB
Committed_AS:   18368640 kB
VmallocTotal:   34359738367 kB
VmallocUsed:       44784 kB
VmallocChunk:          0 kB
Percpu:            11328 kB
HardwareCorrupted:     0 kB
AnonHugePages:    559104 kB
ShmemHugePages:        0 kB
ShmemPmdMapped:        0 kB
FileHugePages:         0 kB
FilePmdMapped:         0 kB
HugePages_Total:       0
HugePages_Free:        0
HugePages_Rsvd:        0
HugePages_Surp:        0
Hugepagesize:       2048 kB
Hugetlb:               0 kB
DirectMap4k:      271824 kB
DirectMap2M:     3801088 kB

/sys/kernel/mm/transparent_hugepage/enabled:
[always] madvise never
/sys/kernel/mm/transparent_hugepage/defrag (defrag/compaction efforts parameter):
always defer defer+madvise [madvise] never

Process Memory:
Virtual Size: 5427181640K (peak: 5439633480K)
Resident Set Size: 1734856K (peak: 1854288K) (anon: 1731036K, file: 3820K, shmem: 0K)
Swapped out: 514272K
C-Heap outstanding allocations: 10843K

/proc/sys/kernel/threads-max (system-wide limit on the number of threads):
30116
/proc/sys/vm/max_map_count (maximum number of memory map areas a process may have):
65530
/proc/sys/kernel/pid_max (system-wide limit on number of process identifiers):
4194304

Steal ticks since vm start: 0
Steal ticks percentage since vm start:  0.000

CPU:total 4 (initial active 4) (2 cores per cpu, 2 threads per core) family 6 model 42 stepping 7 microcode 0x23, cmov, cx8, fxsr, mmx, sse, sse2, sse3, ssse3, sse4.1, sse4.2, popcnt, avx, clmul, ht, tsc, tscinvbit
CPU Model and flags from /proc/cpuinfo:
model name	: Intel(R) Core(TM) i3-2120 CPU @ 3.30GHz
flags		: fpu vme de pse tsc msr pae mce cx8 apic sep mtrr pge mca cmov pat pse36 clflush dts acpi mmx fxsr sse sse2 ht tm pbe syscall nx rdtscp lm constant_tsc arch_perfmon pebs bts rep_good nopl xtopology nonstop_tsc cpuid aperfmperf pni pclmulqdq dtes64 monitor ds_cpl vmx est tm2 ssse3 cx16 xtpr pdcm pcid sse4_1 sse4_2 popcnt tsc_deadline_timer xsave avx lahf_lm epb pti tpr_shadow vnmi flexpriority ept vpid xsaveopt dtherm arat pln pts
Online cpus:
0-3
Offline cpus:
4-15
BIOS frequency limitation:
<Not Available>
Frequency switch latency (ns):
20000
Available cpu frequencies:
<Not Available>
Current governor:
schedutil
Core performance/turbo boost:
<Not Available>

Memory: 4k page, physical 3900800k(101636k free), swap 7852028k(5281508k free)

vm_info: OpenJDK 64-Bit Server VM (11.0.12+7-post-Debian-2) for linux-amd64 JRE (11.0.12+7-post-Debian-2), built on Jul 21 2021 07:03:54 by "unknown" with gcc 10.2.1 20210110

END.
